[debug] [2020-12-14T06:22:06.166Z] ----------------------------------------------------------------------
[debug] [2020-12-14T06:22:06.172Z] Command:       C:\Program Files\nodejs\node.exe C:\Users\Muhammad Ismail\AppData\Roaming\npm\node_modules\firebase-tools\lib\bin\firebase.js emulators:start
[debug] [2020-12-14T06:22:06.173Z] CLI Version:   8.16.2
[debug] [2020-12-14T06:22:06.174Z] Platform:      win32
[debug] [2020-12-14T06:22:06.174Z] Node Version:  v12.18.3
[debug] [2020-12-14T06:22:06.178Z] Time:          Mon Dec 14 2020 11:22:06 GMT+0500 (Pakistan Standard Time)
[debug] [2020-12-14T06:22:06.179Z] ----------------------------------------------------------------------
[debug] [2020-12-14T06:22:06.180Z] 
[debug] [2020-12-14T06:22:06.208Z] > command requires scopes: ["email","openid","https://www.googleapis.com/auth/cloudplatformprojects.readonly","https://www.googleapis.com/auth/firebase","https://www.googleapis.com/auth/cloud-platform"]
[debug] [2020-12-14T06:22:06.210Z] > authorizing via signed-in user
[info] i  emulators: Starting emulators: functions, hosting {"metadata":{"emulator":{"name":"hub"},"message":"Starting emulators: functions, hosting"}}
[debug] [2020-12-14T06:22:08.732Z] [hub] writing locator at C:\Users\MUHAMM~1\AppData\Local\Temp\hub-cloneamaz.json
[warn] !  functions: The following emulators are not running, calls to these services from the Functions emulator will affect production: auth, firestore, database, pubsub {"metadata":{"emulator":{"name":"functions"},"message":"The following emulators are not running, calls to these services from the Functions emulator will affect production: \u001b[1mauth, firestore, database, pubsub\u001b[22m"}}
[info] +  functions: Using node@12 from host. {"metadata":{"emulator":{"name":"functions"},"message":"Using node@12 from host."}}
[debug] [2020-12-14T06:22:11.053Z] defaultcredentials: writing to file C:\Users\Muhammad Ismail\AppData\Roaming\firebase\officialmismail_gmail_com_application_default_credentials.json
[debug] [2020-12-14T06:22:11.062Z] Setting GAC to C:\Users\Muhammad Ismail\AppData\Roaming\firebase\officialmismail_gmail_com_application_default_credentials.json {"metadata":{"emulator":{"name":"functions"},"message":"Setting GAC to C:\\Users\\Muhammad Ismail\\AppData\\Roaming\\firebase\\officialmismail_gmail_com_application_default_credentials.json"}}
[debug] [2020-12-14T06:22:13.397Z] >>> HTTP REQUEST GET https://firebase.googleapis.com/v1beta1/projects/cloneamaz/webApps/-/config  
 
[debug] [2020-12-14T06:22:14.509Z] <<< HTTP RESPONSE 200 {"content-type":"application/json; charset=UTF-8","vary":"X-Origin, Referer, Origin,Accept-Encoding","date":"Mon, 14 Dec 2020 06:22:12 GMT","server":"ESF","cache-control":"private","x-xss-protection":"0","x-frame-options":"SAMEORIGIN","x-content-type-options":"nosniff","alt-svc":"h3-29=\":443\"; ma=2592000,h3-T051=\":443\"; ma=2592000,h3-Q050=\":443\"; ma=2592000,h3-Q046=\":443\"; ma=2592000,h3-Q043=\":443\"; ma=2592000,quic=\":443\"; ma=2592000; v=\"46,43\"","accept-ranges":"none","transfer-encoding":"chunked"}
[info] i  hosting: Serving hosting files from: build {"metadata":{"emulator":{"name":"hosting"},"message":"Serving hosting files from: \u001b[1mbuild\u001b[22m"}}
[info] +  hosting: Local server: http://localhost:5000 {"metadata":{"emulator":{"name":"hosting"},"message":"Local server: \u001b[4m\u001b[1mhttp://localhost:5000\u001b[22m\u001b[24m"}}
[warn] !  ui: Emulator UI unable to start on port 4000, starting on 4001 instead. {"metadata":{"emulator":{"name":"ui"},"message":"Emulator UI unable to start on port 4000, starting on 4001 instead."}}
[debug] [2020-12-14T06:22:16.979Z] Ignoring unsupported arg: auto_download {"metadata":{"emulator":{"name":"ui"},"message":"Ignoring unsupported arg: auto_download"}}
[debug] [2020-12-14T06:22:16.980Z] Ignoring unsupported arg: port {"metadata":{"emulator":{"name":"ui"},"message":"Ignoring unsupported arg: port"}}
[debug] [2020-12-14T06:22:16.980Z] Starting Emulator UI with command {"binary":"node","args":["C:\\Users\\Muhammad Ismail\\.cache\\firebase\\emulators\\ui-v1.2.2\\server.bundle.js"],"optionalArgs":[],"joinArgs":false} {"metadata":{"emulator":{"name":"ui"},"message":"Starting Emulator UI with command {\"binary\":\"node\",\"args\":[\"C:\\\\Users\\\\Muhammad Ismail\\\\.cache\\\\firebase\\\\emulators\\\\ui-v1.2.2\\\\server.bundle.js\"],\"optionalArgs\":[],\"joinArgs\":false}"}}
[info] i  ui: Emulator UI logging to ui-debug.log {"metadata":{"emulator":{"name":"ui"},"message":"Emulator UI logging to \u001b[1mui-debug.log\u001b[22m"}}
[debug] [2020-12-14T06:22:17.468Z] Web / API server started at http://localhost:4001
 {"metadata":{"emulator":{"name":"ui"},"message":"Web / API server started at http://localhost:4001\n"}}
[info] i  functions: Watching "C:\Users\Muhammad Ismail\OneDrive\Projects\Clone React\amazon\functions" for Cloud Functions... {"metadata":{"emulator":{"name":"functions"},"message":"Watching \"C:\\Users\\Muhammad Ismail\\OneDrive\\Projects\\Clone React\\amazon\\functions\" for Cloud Functions..."}}
[debug] [2020-12-14T06:22:17.633Z] [worker-pool] addWorker(~diagnostic~) {"metadata":{"emulator":{"name":"functions"},"message":"[worker-pool] addWorker(~diagnostic~)"}}
[debug] [2020-12-14T06:22:17.634Z] [worker-pool] Adding worker with key ~diagnostic~, total=1 {"metadata":{"emulator":{"name":"functions"},"message":"[worker-pool] Adding worker with key ~diagnostic~, total=1"}}
[debug] [2020-12-14T06:22:17.634Z] [worker-pool] submitWork(triggerId=) {"metadata":{"emulator":{"name":"functions"},"message":"[worker-pool] submitWork(triggerId=)"}}
[debug] [2020-12-14T06:22:17.636Z] [worker-~diagnostic~-bb571069-9ff5-4089-9c8c-369581256876]: Assigning socketPath: \\?\pipe\C:\Users\Muhammad Ismail\OneDrive\Projects\Clone React\amazon\functions\9708 {"metadata":{"emulator":{"name":"functions"},"message":"[worker-~diagnostic~-bb571069-9ff5-4089-9c8c-369581256876]: Assigning socketPath: \\\\?\\pipe\\C:\\Users\\Muhammad Ismail\\OneDrive\\Projects\\Clone React\\amazon\\functions\\9708"}}
[debug] [2020-12-14T06:22:17.638Z] [worker-~diagnostic~-bb571069-9ff5-4089-9c8c-369581256876]: BUSY {"metadata":{"emulator":{"name":"functions"},"message":"[worker-~diagnostic~-bb571069-9ff5-4089-9c8c-369581256876]: BUSY"}}
[debug] [2020-12-14T06:22:19.028Z] [runtime-status] [9708] Functions runtime initialized. {"cwd":"C:\\Users\\Muhammad Ismail\\OneDrive\\Projects\\Clone React\\amazon\\functions","node_version":"12.18.3"} {"metadata":{"emulator":{"name":"functions"},"message":"[runtime-status] [9708] Functions runtime initialized. {\"cwd\":\"C:\\\\Users\\\\Muhammad Ismail\\\\OneDrive\\\\Projects\\\\Clone React\\\\amazon\\\\functions\",\"node_version\":\"12.18.3\"}"}}
[debug] [2020-12-14T06:22:19.046Z] [runtime-status] [9708] Disabled runtime features: undefined {"metadata":{"emulator":{"name":"functions"},"message":"[runtime-status] [9708] Disabled runtime features: undefined"}}
[debug] [2020-12-14T06:22:19.063Z] [runtime-status] [9708] Resolved module firebase-admin {"declared":true,"installed":true,"version":"9.4.1","resolution":"C:\\Users\\Muhammad Ismail\\OneDrive\\Projects\\Clone React\\amazon\\functions\\node_modules\\firebase-admin\\lib\\index.js"} {"metadata":{"emulator":{"name":"functions"},"message":"[runtime-status] [9708] Resolved module firebase-admin {\"declared\":true,\"installed\":true,\"version\":\"9.4.1\",\"resolution\":\"C:\\\\Users\\\\Muhammad Ismail\\\\OneDrive\\\\Projects\\\\Clone React\\\\amazon\\\\functions\\\\node_modules\\\\firebase-admin\\\\lib\\\\index.js\"}"}}
[debug] [2020-12-14T06:22:19.071Z] [runtime-status] [9708] Resolved module firebase-functions {"declared":true,"installed":true,"version":"3.11.0","resolution":"C:\\Users\\Muhammad Ismail\\OneDrive\\Projects\\Clone React\\amazon\\functions\\node_modules\\firebase-functions\\lib\\index.js"} {"metadata":{"emulator":{"name":"functions"},"message":"[runtime-status] [9708] Resolved module firebase-functions {\"declared\":true,\"installed\":true,\"version\":\"3.11.0\",\"resolution\":\"C:\\\\Users\\\\Muhammad Ismail\\\\OneDrive\\\\Projects\\\\Clone React\\\\amazon\\\\functions\\\\node_modules\\\\firebase-functions\\\\lib\\\\index.js\"}"}}
[debug] [2020-12-14T06:22:19.074Z] [runtime-status] [9708] Resolved module firebase-functions {"declared":true,"installed":true,"version":"3.11.0","resolution":"C:\\Users\\Muhammad Ismail\\OneDrive\\Projects\\Clone React\\amazon\\functions\\node_modules\\firebase-functions\\lib\\index.js"} {"metadata":{"emulator":{"name":"functions"},"message":"[runtime-status] [9708] Resolved module firebase-functions {\"declared\":true,\"installed\":true,\"version\":\"3.11.0\",\"resolution\":\"C:\\\\Users\\\\Muhammad Ismail\\\\OneDrive\\\\Projects\\\\Clone React\\\\amazon\\\\functions\\\\node_modules\\\\firebase-functions\\\\lib\\\\index.js\"}"}}
[debug] [2020-12-14T06:22:19.078Z] [runtime-status] [9708] Outgoing network have been stubbed. [{"name":"http","status":"mocked"},{"name":"http","status":"mocked"},{"name":"https","status":"mocked"},{"name":"https","status":"mocked"},{"name":"net","status":"mocked"}] {"metadata":{"emulator":{"name":"functions"},"message":"[runtime-status] [9708] Outgoing network have been stubbed. [{\"name\":\"http\",\"status\":\"mocked\"},{\"name\":\"http\",\"status\":\"mocked\"},{\"name\":\"https\",\"status\":\"mocked\"},{\"name\":\"https\",\"status\":\"mocked\"},{\"name\":\"net\",\"status\":\"mocked\"}]"}}
[debug] [2020-12-14T06:22:19.080Z] [runtime-status] [9708] Resolved module firebase-functions {"declared":true,"installed":true,"version":"3.11.0","resolution":"C:\\Users\\Muhammad Ismail\\OneDrive\\Projects\\Clone React\\amazon\\functions\\node_modules\\firebase-functions\\lib\\index.js"} {"metadata":{"emulator":{"name":"functions"},"message":"[runtime-status] [9708] Resolved module firebase-functions {\"declared\":true,\"installed\":true,\"version\":\"3.11.0\",\"resolution\":\"C:\\\\Users\\\\Muhammad Ismail\\\\OneDrive\\\\Projects\\\\Clone React\\\\amazon\\\\functions\\\\node_modules\\\\firebase-functions\\\\lib\\\\index.js\"}"}}
[debug] [2020-12-14T06:22:19.313Z] [runtime-status] [9708] Checked functions.config() {"config":{}} {"metadata":{"emulator":{"name":"functions"},"message":"[runtime-status] [9708] Checked functions.config() {\"config\":{}}"}}
[debug] [2020-12-14T06:22:19.313Z] [runtime-status] [9708] firebase-functions has been stubbed. {"functionsResolution":{"declared":true,"installed":true,"version":"3.11.0","resolution":"C:\\Users\\Muhammad Ismail\\OneDrive\\Projects\\Clone React\\amazon\\functions\\node_modules\\firebase-functions\\lib\\index.js"}} {"metadata":{"emulator":{"name":"functions"},"message":"[runtime-status] [9708] firebase-functions has been stubbed. {\"functionsResolution\":{\"declared\":true,\"installed\":true,\"version\":\"3.11.0\",\"resolution\":\"C:\\\\Users\\\\Muhammad Ismail\\\\OneDrive\\\\Projects\\\\Clone React\\\\amazon\\\\functions\\\\node_modules\\\\firebase-functions\\\\lib\\\\index.js\"}}"}}
[debug] [2020-12-14T06:22:19.315Z] [runtime-status] [9708] Resolved module firebase-functions {"declared":true,"installed":true,"version":"3.11.0","resolution":"C:\\Users\\Muhammad Ismail\\OneDrive\\Projects\\Clone React\\amazon\\functions\\node_modules\\firebase-functions\\lib\\index.js"} {"metadata":{"emulator":{"name":"functions"},"message":"[runtime-status] [9708] Resolved module firebase-functions {\"declared\":true,\"installed\":true,\"version\":\"3.11.0\",\"resolution\":\"C:\\\\Users\\\\Muhammad Ismail\\\\OneDrive\\\\Projects\\\\Clone React\\\\amazon\\\\functions\\\\node_modules\\\\firebase-functions\\\\lib\\\\index.js\"}"}}
[debug] [2020-12-14T06:22:19.322Z] [runtime-status] [9708] Resolved module firebase-admin {"declared":true,"installed":true,"version":"9.4.1","resolution":"C:\\Users\\Muhammad Ismail\\OneDrive\\Projects\\Clone React\\amazon\\functions\\node_modules\\firebase-admin\\lib\\index.js"} {"metadata":{"emulator":{"name":"functions"},"message":"[runtime-status] [9708] Resolved module firebase-admin {\"declared\":true,\"installed\":true,\"version\":\"9.4.1\",\"resolution\":\"C:\\\\Users\\\\Muhammad Ismail\\\\OneDrive\\\\Projects\\\\Clone React\\\\amazon\\\\functions\\\\node_modules\\\\firebase-admin\\\\lib\\\\index.js\"}"}}
[debug] [2020-12-14T06:22:19.324Z] [runtime-status] [9708] Resolved module firebase-functions {"declared":true,"installed":true,"version":"3.11.0","resolution":"C:\\Users\\Muhammad Ismail\\OneDrive\\Projects\\Clone React\\amazon\\functions\\node_modules\\firebase-functions\\lib\\index.js"} {"metadata":{"emulator":{"name":"functions"},"message":"[runtime-status] [9708] Resolved module firebase-functions {\"declared\":true,\"installed\":true,\"version\":\"3.11.0\",\"resolution\":\"C:\\\\Users\\\\Muhammad Ismail\\\\OneDrive\\\\Projects\\\\Clone React\\\\amazon\\\\functions\\\\node_modules\\\\firebase-functions\\\\lib\\\\index.js\"}"}}
[debug] [2020-12-14T06:22:19.325Z] [runtime-status] [9708] firebase-admin has been stubbed. {"adminResolution":{"declared":true,"installed":true,"version":"9.4.1","resolution":"C:\\Users\\Muhammad Ismail\\OneDrive\\Projects\\Clone React\\amazon\\functions\\node_modules\\firebase-admin\\lib\\index.js"}} {"metadata":{"emulator":{"name":"functions"},"message":"[runtime-status] [9708] firebase-admin has been stubbed. {\"adminResolution\":{\"declared\":true,\"installed\":true,\"version\":\"9.4.1\",\"resolution\":\"C:\\\\Users\\\\Muhammad Ismail\\\\OneDrive\\\\Projects\\\\Clone React\\\\amazon\\\\functions\\\\node_modules\\\\firebase-admin\\\\lib\\\\index.js\"}}"}}
[info] 
┌────────────────────────────────────────────────────────────────┐
│ ✔  All emulators ready! View status and logs at localhost:4001 │
└────────────────────────────────────────────────────────────────┘

┌───────────┬────────────────┬──────────────────────────┐
│ Emulator  │ Host:Port      │ View in Emulator UI      │
├───────────┼────────────────┼──────────────────────────┤
│ Functions │ localhost:5001 │ localhost:4001/functions │
├───────────┼────────────────┼──────────────────────────┤
│ Hosting   │ localhost:5000 │ n/a                      │
└───────────┴────────────────┴──────────────────────────┘
  Other reserved ports: 4400, 4500

Issues? Report them at https://github.com/firebase/firebase-tools/issues and attach the *-debug.log files.
 
[debug] [2020-12-14T06:22:20.456Z] [worker-~diagnostic~-bb571069-9ff5-4089-9c8c-369581256876]: IDLE {"metadata":{"emulator":{"name":"functions"},"message":"[worker-~diagnostic~-bb571069-9ff5-4089-9c8c-369581256876]: IDLE"}}
[debug] [2020-12-14T06:29:48.537Z] Functions emulator received unknown request at path /cloneamaz
[debug] [2020-12-14T06:29:53.132Z] Functions emulator received unknown request at path /cloneamaz/api
[debug] [2020-12-14T06:30:11.657Z] [work-queue] {"queueLength":1,"workRunningCount":0}
[debug] [2020-12-14T06:30:11.658Z] [work-queue] {"queueLength":0,"workRunningCount":1}
[debug] [2020-12-14T06:30:11.662Z] FirebaseError: No trigger with name api {"metadata":{"emulator":{"name":"functions"},"message":{"name":"FirebaseError","children":[],"exit":1,"message":"No trigger with name api","status":500}}}
[debug] [2020-12-14T06:30:11.663Z] [work-queue] {"queueLength":0,"workRunningCount":0}
[debug] [2020-12-14T06:30:48.377Z] Functions emulator received unknown request at path /cloneamaz/pk/
[debug] [2020-12-14T06:30:53.547Z] [work-queue] {"queueLength":1,"workRunningCount":0}
[debug] [2020-12-14T06:30:53.547Z] [work-queue] {"queueLength":0,"workRunningCount":1}
[debug] [2020-12-14T06:30:53.548Z] FirebaseError: No trigger with name api {"metadata":{"emulator":{"name":"functions"},"message":{"name":"FirebaseError","children":[],"exit":1,"message":"No trigger with name api","status":500}}}
[debug] [2020-12-14T06:30:53.548Z] [work-queue] {"queueLength":0,"workRunningCount":0}
[debug] [2020-12-14T06:32:59.101Z] [work-queue] {"queueLength":1,"workRunningCount":0}
[debug] [2020-12-14T06:32:59.102Z] [work-queue] {"queueLength":0,"workRunningCount":1}
[debug] [2020-12-14T06:32:59.102Z] FirebaseError: No trigger with name api {"metadata":{"emulator":{"name":"functions"},"message":{"name":"FirebaseError","children":[],"exit":1,"message":"No trigger with name api","status":500}}}
[debug] [2020-12-14T06:32:59.103Z] [work-queue] {"queueLength":0,"workRunningCount":0}
[debug] [2020-12-14T06:34:39.340Z] Received signal SIGHUP 1
